<?xml version="1.0" encoding="UTF-8"?>
<!-- Generated by org.testng.reporters.JUnitReportReporter -->
<testsuite skipped="0" hostname="Lenovo-PC" name="com.App.qa.testcases.SignUpApplication" tests="1" failures="0" timestamp="2020-07-03T22:37:41 IST" time="65.380" errors="0">
  <testcase name="SignUpApp" time="65.380" classname="com.App.qa.testcases.SignUpApplication"/>
  <system-out/>
</testsuite> <!-- com.App.qa.testcases.SignUpApplication -->
